
Starting report IMS_ITEM [Sat Aug 14 12:36:59 2021] ...
End report IMS_ITEM [Sat Aug 14 12:37:39 2021].

Starting report IMS_GRPITEM [Sat Aug 14 12:39:28 2021] ...
End report IMS_GRPITEM [Sat Aug 14 12:39:57 2021].

Starting report IMS_OPSTOR [Sat Aug 14 12:40:19 2021] ...
End report IMS_OPSTOR [Sat Aug 14 12:40:49 2021].

Starting report IMS_OPSTOR [Sat Aug 14 12:41:03 2021] ...
End report IMS_OPSTOR [Sat Aug 14 12:41:17 2021].

Starting report IMS_OPSTOR [Sat Aug 14 12:41:24 2021] ...
End report IMS_OPSTOR [Sat Aug 14 12:43:00 2021].

Starting report IMS_OPSTOR [Sat Aug 14 12:43:00 2021] ...
End report IMS_OPSTOR [Sat Aug 14 12:43:19 2021].

Starting report IMS_OPSTOR [Sat Aug 14 12:43:19 2021] ...
End report IMS_OPSTOR [Sat Aug 14 12:43:21 2021].

Starting report IMS_TRANS_OUT [Sat Aug 14 12:44:57 2021] ...
End report IMS_TRANS_OUT [Sat Aug 14 12:45:00 2021].

Starting report IMS_TRANSOUT_DTL [Sat Aug 14 12:45:04 2021] ...
End report IMS_TRANSOUT_DTL [Sat Aug 14 12:45:06 2021].

Starting report IMS_TRANSOUT_DTL [Sat Aug 14 12:45:18 2021] ...
End report IMS_TRANSOUT_DTL [Sat Aug 14 12:45:30 2021].

Starting report IMS_TRANSOUT_DTL [Sat Aug 14 12:45:34 2021] ...
End report IMS_TRANSOUT_DTL [Sat Aug 14 12:45:45 2021].

Starting report IMS_TRANS_OUT [Sat Aug 14 12:45:49 2021] ...
End report IMS_TRANS_OUT [Sat Aug 14 12:46:31 2021].

Starting report IMS_ITEM [Sat Aug 14 12:49:59 2021] ...
End report IMS_ITEM [Sat Aug 14 12:50:02 2021].

Starting report IMS_ITEM [Sat Aug 14 14:31:49 2021] ...
End report IMS_ITEM [Sat Aug 14 14:32:11 2021].

Starting report IMS_ITEM [Sat Aug 14 14:32:34 2021] ...
End report IMS_ITEM [Sat Aug 14 14:32:53 2021].

Starting report IMS_ITEM [Sat Aug 14 14:39:58 2021] ...
End report IMS_ITEM [Sat Aug 14 14:40:08 2021].

Starting report IMS_ITEM [Sat Aug 14 15:24:58 2021] ...
End report IMS_ITEM [Sat Aug 14 15:25:21 2021].

Starting report IMS_TRANSFER [Sat Aug 14 16:35:56 2021] ...
REP-3300: Fatal error in the toolkit.
UI-9: This function call is out of context.
REP-3300: Fatal error in the toolkit.
UI-9: This function call is out of context.
End report IMS_TRANSFER [Sat Aug 14 16:39:20 2021].

Starting report IMS_TRANS_OUT [Sat Aug 14 16:39:20 2021] ...
End report IMS_TRANS_OUT [Sat Aug 14 16:39:54 2021].

Starting report IMS_TRANS_OUT [Sat Aug 14 16:39:54 2021] ...
End report IMS_TRANS_OUT [Sat Aug 14 16:40:09 2021].

Starting report IMS_TRANS_OUT [Sat Aug 14 16:40:09 2021] ...
End report IMS_TRANS_OUT [Sat Aug 14 16:40:12 2021].

Starting report IMS_TRANS_OUT [Sat Aug 14 16:40:12 2021] ...
End report IMS_TRANS_OUT [Sat Aug 14 16:40:13 2021].

Starting report IMS_TRANS_OUT [Sat Aug 14 16:40:13 2021] ...
End report IMS_TRANS_OUT [Sat Aug 14 16:40:15 2021].

Starting report IMS_TRANS_OUT [Sat Aug 14 16:46:51 2021] ...
End report IMS_TRANS_OUT [Sat Aug 14 16:46:53 2021].

Starting report IMS_TRANS_OUT [Sat Aug 14 16:46:54 2021] ...
End report IMS_TRANS_OUT [Sat Aug 14 18:06:23 2021].

Starting report IMS_ITEM [Sat Aug 14 18:08:53 2021] ...
End report IMS_ITEM [Sat Aug 14 18:09:36 2021].

Starting report IMS_ITEM [Sat Aug 14 18:09:36 2021] ...
REP-3300: Fatal error in the toolkit.
UI-9: This function call is out of context.
REP-3300: Fatal error in the toolkit.
UI-9: This function call is out of context.
End report IMS_ITEM [Sat Aug 14 18:09:59 2021].

Starting report IMS_TRANSIN_DTL [Sat Aug 14 18:28:38 2021] ...
End report IMS_TRANSIN_DTL [Sat Aug 14 18:34:50 2021].

Starting report IMS_TRANSIN_DTL [Sat Aug 14 18:35:57 2021] ...
End report IMS_TRANSIN_DTL [Sat Aug 14 18:39:13 2021].

Starting report IMS_TRANS_OUT [Sun Aug 15 05:38:08 2021] ...
End report IMS_TRANS_OUT [Sun Aug 15 05:38:48 2021].

Starting report IMS_TRANSOUT_DTL [Sun Aug 15 06:00:24 2021] ...
REP-3300: Fatal error in the toolkit.
UI-9: This function call is out of context.
End report IMS_TRANSOUT_DTL [Sun Aug 15 06:05:31 2021].

Starting report IMS_TRANSFER [Sun Aug 15 06:05:31 2021] ...
End report IMS_TRANSFER [Sun Aug 15 06:05:35 2021].

Starting report IMS_TRANSFER [Sun Aug 15 06:05:35 2021] ...
End report IMS_TRANSFER [Sun Aug 15 06:05:36 2021].

Starting report IMS_TRANSFER [Sun Aug 15 06:05:36 2021] ...
End report IMS_TRANSFER [Sun Aug 15 06:05:37 2021].

Starting report IMS_TRANSFER_DTL [Sun Aug 15 06:05:37 2021] ...
End report IMS_TRANSFER_DTL [Sun Aug 15 06:05:38 2021].

Starting report IMS_TRANSFER_DTL [Sun Aug 15 06:05:38 2021] ...
End report IMS_TRANSFER_DTL [Sun Aug 15 06:05:39 2021].

Starting report IMS_TRANSFER_DTL [Sun Aug 15 06:05:40 2021] ...
End report IMS_TRANSFER_DTL [Sun Aug 15 06:05:47 2021].

Starting report IMS_TRANSFER [Sun Aug 15 06:05:50 2021] ...
End report IMS_TRANSFER [Sun Aug 15 06:09:39 2021].

Starting report IMS_TRANSFER_DTL [Sun Aug 15 06:09:39 2021] ...
End report IMS_TRANSFER_DTL [Sun Aug 15 06:18:37 2021].
